TN:
SF:D:\nodejs\productsalenode\back-db\api.js
FN:13,(anonymous_0)
FN:31,(anonymous_1)
FN:50,(anonymous_2)
FN:66,(anonymous_3)
FN:76,(anonymous_4)
FN:81,handleFatalError
FNF:6
FNH:2
FNDA:1,(anonymous_0)
FNDA:0,(anonymous_1)
FNDA:0,(anonymous_2)
FNDA:1,(anonymous_3)
FNDA:0,(anonymous_4)
FNDA:0,handleFatalError
DA:3,1
DA:4,1
DA:5,1
DA:6,1
DA:7,1
DA:8,1
DA:9,1
DA:10,1
DA:13,1
DA:14,1
DA:15,1
DA:16,1
DA:17,1
DA:18,1
DA:19,1
DA:21,0
DA:22,0
DA:25,1
DA:26,1
DA:28,1
DA:31,1
DA:32,0
DA:34,0
DA:35,0
DA:40,0
DA:41,0
DA:42,0
DA:43,0
DA:45,0
DA:47,0
DA:50,1
DA:51,0
DA:54,0
DA:55,0
DA:57,0
DA:60,0
DA:61,0
DA:63,0
DA:66,1
DA:67,1
DA:68,1
DA:69,1
DA:71,0
DA:73,1
DA:76,1
DA:77,0
DA:78,0
DA:82,0
DA:83,0
DA:84,0
DA:87,1
LF:51
LH:27
BRDA:16,0,0,1
BRDA:16,0,1,0
BRDA:60,1,0,0
BRDA:60,1,1,0
BRF:4
BRH:1
end_of_record
TN:
SF:D:\nodejs\productsalenode\back-db\index.js
FN:10,(anonymous_0)
FNF:1
FNH:1
FNDA:1,(anonymous_0)
DA:3,1
DA:4,1
DA:5,1
DA:6,1
DA:7,1
DA:8,1
DA:10,1
DA:11,1
DA:22,1
DA:23,1
DA:24,1
DA:26,1
DA:27,1
DA:29,1
DA:31,1
DA:32,0
DA:35,1
DA:36,1
DA:38,1
LF:19
LH:18
BRDA:31,0,0,0
BRDA:31,0,1,1
BRF:2
BRH:1
end_of_record
TN:
SF:D:\nodejs\productsalenode\back-db\server.js
FN:16,(anonymous_0)
FN:26,handleFatalError
FN:36,(anonymous_2)
FNF:3
FNH:0
FNDA:0,(anonymous_0)
FNDA:0,handleFatalError
FNDA:0,(anonymous_2)
DA:2,1
DA:3,1
DA:4,1
DA:5,1
DA:6,1
DA:7,1
DA:9,1
DA:10,1
DA:11,1
DA:13,1
DA:16,1
DA:17,0
DA:19,0
DA:20,0
DA:23,0
DA:27,0
DA:28,0
DA:29,0
DA:32,1
DA:33,0
DA:34,0
DA:36,0
DA:37,0
DA:41,1
LF:24
LH:13
BRDA:9,0,0,1
BRDA:9,0,1,1
BRDA:19,1,0,0
BRDA:19,1,1,0
BRDA:32,2,0,0
BRDA:32,2,1,1
BRF:6
BRH:3
end_of_record
TN:
SF:D:\nodejs\productsalenode\back-db\config\index.js
FN:12,(anonymous_0)
FNF:1
FNH:1
FNDA:2,(anonymous_0)
DA:3,1
DA:5,1
DA:12,2
LF:3
LH:3
BRDA:7,0,0,1
BRDA:7,0,1,1
BRDA:8,1,0,1
BRDA:8,1,1,1
BRDA:9,2,0,1
BRDA:9,2,1,1
BRDA:10,3,0,1
BRDA:10,3,1,1
BRDA:15,4,0,1
BRDA:15,4,1,1
BRF:10
BRH:10
end_of_record
TN:
SF:D:\nodejs\productsalenode\back-db\lib\db.js
FN:5,setupDatabase
FNF:1
FNH:1
FNDA:3,setupDatabase
DA:2,1
DA:3,1
DA:5,1
DA:6,3
DA:7,1
DA:9,3
LF:6
LH:6
BRDA:6,0,0,1
BRDA:6,0,1,2
BRF:2
BRH:2
end_of_record
TN:
SF:D:\nodejs\productsalenode\back-db\lib\shoppingcart.js
FN:3,setupShoppingCart
FN:4,findAllShoppingCart
FNF:2
FNH:2
FNDA:1,setupShoppingCart
FNDA:1,findAllShoppingCart
DA:3,1
DA:5,1
DA:8,1
LF:3
LH:3
BRF:0
BRH:0
end_of_record
TN:
SF:D:\nodejs\productsalenode\back-db\lib\user.js
FN:3,setupUser
FN:4,findAll
FN:7,findConnected
FN:13,findByUuid
FNF:4
FNH:1
FNDA:1,setupUser
FNDA:0,findAll
FNDA:0,findConnected
FNDA:0,findByUuid
DA:3,1
DA:5,0
DA:8,0
DA:14,0
DA:20,1
LF:5
LH:2
BRF:0
BRH:0
end_of_record
TN:
SF:D:\nodejs\productsalenode\back-db\models\shoppingcart.js
FN:6,setupShoppingCartModel
FNF:1
FNH:1
FNDA:1,setupShoppingCartModel
DA:3,1
DA:4,1
DA:6,1
DA:7,1
DA:9,1
LF:5
LH:5
BRF:0
BRH:0
end_of_record
TN:
SF:D:\nodejs\productsalenode\back-db\models\user.js
FN:6,setupUserModel
FNF:1
FNH:1
FNDA:1,setupUserModel
DA:3,1
DA:4,1
DA:6,1
DA:7,1
DA:9,1
LF:5
LH:5
BRF:0
BRH:0
end_of_record
TN:
SF:D:\nodejs\productsalenode\back-db/tests\api.tests.js
FN:7,(anonymous_0)
FN:13,(anonymous_1)
FN:21,(anonymous_2)
FNF:3
FNH:3
FNDA:1,(anonymous_0)
FNDA:1,(anonymous_1)
FNDA:1,(anonymous_2)
DA:3,1
DA:4,1
DA:5,1
DA:7,1
DA:9,1
DA:14,1
DA:15,1
DA:16,1
DA:17,1
DA:21,1
DA:22,1
LF:11
LH:11
BRF:0
BRH:0
end_of_record
TN:
SF:D:\nodejs\productsalenode\back-db/tests\user-tests.js
FN:5,(anonymous_1)
FNF:1
FNH:1
FNDA:1,(anonymous_1)
DA:3,1
DA:5,1
DA:6,1
LF:3
LH:3
BRF:0
BRH:0
end_of_record
